<?xml version="1.0" encoding="UTF-8"?>
<testsuite name="org.bcit.comp2522.labs.lab08.MyBinarySearchTreeTest" tests="2" skipped="0" failures="0" errors="0" timestamp="2022-11-15T21:41:05" hostname="LAPTOP-7U50F9L4" time="0.022">
  <properties/>
  <testcase name="addGetManyTest()" classname="org.bcit.comp2522.labs.lab08.MyBinarySearchTreeTest" time="0.021"/>
  <testcase name="addGetTest()" classname="org.bcit.comp2522.labs.lab08.MyBinarySearchTreeTest" time="0.0"/>
  <system-out><![CDATA[]]></system-out>
  <system-err><![CDATA[]]></system-err>
</testsuite>
