<?xml version="1.0" encoding="UTF-8"?>
<testsuite name="AbstractCharacterTest" tests="9" skipped="0" failures="0" errors="0" timestamp="2022-10-04T23:51:59" hostname="LAPTOP-7U50F9L4" time="0.07">
  <properties/>
  <testcase name="northEastNorthWest()" classname="AbstractCharacterTest" time="0.052"/>
  <testcase name="eastWestCollisionTest()" classname="AbstractCharacterTest" time="0.001"/>
  <testcase name="northEastCollisionTest()" classname="AbstractCharacterTest" time="0.001"/>
  <testcase name="northWestCollisionTest()" classname="AbstractCharacterTest" time="0.001"/>
  <testcase name="northSouthCollisionTest()" classname="AbstractCharacterTest" time="0.003"/>
  <testcase name="topLeftCornerTest()" classname="AbstractCharacterTest" time="0.002"/>
  <testcase name="southEastCollisionTest()" classname="AbstractCharacterTest" time="0.001"/>
  <testcase name="bottomRightCornerTest()" classname="AbstractCharacterTest" time="0.001"/>
  <testcase name="southWestCollisionTest()" classname="AbstractCharacterTest" time="0.001"/>
  <system-out><![CDATA[]]></system-out>
  <system-err><![CDATA[]]></system-err>
</testsuite>
